{"C:\\Users\\USER\\Documents\\Coding\\MICROVERSE PROGRAM\\Module 2\\denis\\dd_eats\\src\\modules\\comments\\commentsCounter.js": {"path":"C:\\Users\\USER\\Documents\\Coding\\MICROVERSE PROGRAM\\Module 2\\denis\\dd_eats\\src\\modules\\comments\\commentsCounter.js","statementMap":{"0":{"start":{"line":1,"column":24},"end":{"line":6,"column":1}},"1":{"start":{"line":2,"column":20},"end":{"line":2,"column":61}},"2":{"start":{"line":3,"column":21},"end":{"line":3,"column":57}},"3":{"start":{"line":4,"column":16},"end":{"line":4,"column":58}},"4":{"start":{"line":5,"column":2},"end":{"line":5,"column":43}}},"fnMap":{"0":{"name":"(anonymous_0)","decl":{"start":{"line":1,"column":24},"end":{"line":1,"column":25}},"loc":{"start":{"line":1,"column":30},"end":{"line":6,"column":1}},"line":1}},"branchMap":{},"s":{"0":1,"1":3,"2":3,"3":3,"4":3},"f":{"0":3},"b":{},"_coverageSchema":"1a1c01bbd47fc00a2c39e90264f33305004495a9","hash":"09875c685be8d786f1e8f5f1ca4423ace865364a"}
}
