TN:
SF:src\modules\comments\commentsCounter.js
FN:1,(anonymous_0)
FNF:1
FNH:1
FNDA:3,(anonymous_0)
DA:1,1
DA:2,3
DA:3,3
DA:4,3
DA:5,3
LF:5
LH:5
BRF:0
BRH:0
end_of_record
TN:
SF:src\modules\meals\counter.js
FN:1,(anonymous_0)
FN:6,(anonymous_1)
FN:14,(anonymous_2)
FNF:3
FNH:3
FNDA:5,(anonymous_0)
FNDA:2,(anonymous_1)
FNDA:1,(anonymous_2)
DA:1,1
DA:2,5
DA:3,5
DA:6,1
DA:7,2
DA:8,2
DA:9,2
DA:10,2
DA:11,2
DA:14,1
DA:15,1
DA:16,1
DA:17,1
LF:13
LH:13
BRDA:2,0,0,4
BRDA:2,0,1,1
BRF:2
BRH:2
end_of_record
